<?xml version="1.0" encoding="UTF-8"?>
<!-- Generated by org.testng.reporters.JUnitXMLReporter -->
<testsuite ignored="0" hostname="Harsh" failures="0" tests="3" name="Default test" time="93.229" errors="0" timestamp="2024-02-27T01:02:40 IST">
  <testcase classname="org.digivalet.portalappautomation.LoginModule.LoginSuccessfully" name="SuccessfullyLogin" time="13.842"/>
  <testcase classname="org.digivalet.portalappautomation.outlet.ProductOrderingWithBooleanModifiers" name="dataSetter" time="0.002"/>
  <testcase classname="org.digivalet.portalappautomation.outlet.ProductOrderingWithBooleanModifiers" name="OrderWithBooleanModifiers" time="71.855"/>
</testsuite> <!-- Default test -->
