<?xml version="1.0" encoding="UTF-8"?>
<!-- Generated by org.testng.reporters.JUnitXMLReporter -->
<testsuite ignored="0" hostname="Harsh" failures="0" tests="3" name="Default test" time="118.106" errors="0" timestamp="2024-02-26T00:59:16 IST">
  <testcase classname="org.digivalet.portalappautomation.LoginModule.LoginSuccessfully" name="SuccessfullLogin" time="16.587"/>
  <testcase classname="org.digivalet.portalappautomation.outlet.ProductOrderingWithQuantityModifierAndAddon" name="dataSetter" time="0.001"/>
  <testcase classname="org.digivalet.portalappautomation.outlet.ProductOrderingWithQuantityModifierAndAddon" name="OrderWithQuantityAddonAndModifiers" time="94.119"/>
</testsuite> <!-- Default test -->
