<?xml version="1.0" encoding="UTF-8"?>
<!-- Generated by org.testng.reporters.JUnitXMLReporter -->
<testsuite ignored="0" hostname="Harsh" failures="1" tests="3" name="ProductOrderingWithBooleanModifiers" time="77.381" errors="0" timestamp="2024-02-26T23:05:35 IST">
  <testcase classname="org.digivalet.portalappautomation.LoginModule.LoginSuccessfully" name="SuccessfullyLogin" time="11.008"/>
  <testcase classname="org.digivalet.portalappautomation.outlet.ProductOrderingWithBooleanModifiers" name="dataSetter" time="0.003"/>
  <testcase classname="org.digivalet.portalappautomation.outlet.ProductOrderingWithBooleanModifiers" name="OrderWithBooleanModifiers" time="57.381">
    <failure type="java.lang.AssertionError" message="expected [true] but found [false]">
      <![CDATA[java.lang.AssertionError: expected [true] but found [false]
at org.digivalet.portalappautomation.pageObject.android.OutletModule.OutletProductOrdering.withoutAddonAndModifierBookingVerification(OutletProductOrdering.java:146)
at org.digivalet.portalappautomation.outlet.ProductOrderingWithBooleanModifiers.OrderWithBooleanModifiers(ProductOrderingWithBooleanModifiers.java:59)
at java.base/java.util.ArrayList.forEach(ArrayList.java:1511)
... Removed 34 stack frames]]>
    </failure>
  </testcase> <!-- OrderWithBooleanModifiers -->
</testsuite> <!-- ProductOrderingWithBooleanModifiers -->
