<?xml version="1.0" encoding="UTF-8"?>
<!-- Generated by org.testng.reporters.JUnitXMLReporter -->
<testsuite ignored="0" hostname="Harsh" failures="1" tests="3" name="ProductOrderingWithBooleanAddons" time="85.557" errors="0" timestamp="2024-02-26T23:04:17 IST">
  <testcase classname="org.digivalet.portalappautomation.LoginModule.LoginSuccessfully" name="SuccessfullyLogin" time="17.054"/>
  <testcase classname="org.digivalet.portalappautomation.outlet.ProductOrderingWithBooleanAddons" name="dataSetter" time="0.002"/>
  <testcase classname="org.digivalet.portalappautomation.outlet.ProductOrderingWithBooleanAddons" name="OrderWithBooleanAddon" time="57.806">
    <failure type="java.lang.AssertionError" message="expected [true] but found [false]">
      <![CDATA[java.lang.AssertionError: expected [true] but found [false]
at org.digivalet.portalappautomation.pageObject.android.OutletModule.OutletProductOrdering.withoutAddonAndModifierBookingVerification(OutletProductOrdering.java:146)
at org.digivalet.portalappautomation.outlet.ProductOrderingWithBooleanAddons.OrderWithBooleanAddon(ProductOrderingWithBooleanAddons.java:57)
at java.base/java.util.ArrayList.forEach(ArrayList.java:1511)
... Removed 34 stack frames]]>
    </failure>
  </testcase> <!-- OrderWithBooleanAddon -->
</testsuite> <!-- ProductOrderingWithBooleanAddons -->
